2023-04-12 08:53:20 - [32minfo[39m: [32mServer running on port 3000[39m
2023-04-12 08:53:20 - [32minfo[39m: [32mServer running on port 3000[39m
2023-04-12 09:43:32 - [32minfo[39m: [32mServer running on port 3000[39m
2023-04-12 09:45:34 - [32minfo[39m: [32mServer running on port 3000[39m
2023-04-12 09:45:38 - [35mhttp[39m: [35mGET /api/health-check 200 25 - 1.243 ms[39m
[35m[39m
2023-04-12 09:50:50 - [32minfo[39m: [32mServer running on port 3000[39m
2023-04-12 09:50:59 - [35mhttp[39m: [35mGET /api/health-check 200 25 - 2.317 ms[39m
[35m[39m
2023-04-12 09:51:04 - [35mhttp[39m: [35mGET /api/health-check 200 25 - 0.651 ms[39m
[35m[39m
2023-04-12 09:51:25 - [32minfo[39m: [32mServer running on port 3000[39m
2023-04-12 09:51:28 - [35mhttp[39m: [35mGET /api/health-check 200 25 - 1.699 ms[39m
[35m[39m
2023-04-12 09:51:32 - [32minfo[39m: [32mServer running on port 3000[39m
2023-04-12 09:51:50 - [35mhttp[39m: [35mGET /api/health-checkk 404 156 - 2.528 ms[39m
[35m[39m
2023-04-12 09:51:56 - [35mhttp[39m: [35mGET /api/health-check 200 25 - 1.366 ms[39m
[35m[39m
2023-04-15 18:22:31 - [32minfo[39m: [32mServer running on port 3000[39m
2023-04-15 18:23:00 - [32minfo[39m: [32mServer running on port 3000[39m
2023-04-15 18:23:07 - [32minfo[39m: [32mServer running on port 3000[39m
2023-04-15 18:23:42 - [35mhttp[39m: [35mPOST /api/teste 422 104 - 4.263 ms[39m
[35m[39m
2023-04-15 18:23:51 - [32minfo[39m: [32mServer running on port 3000[39m
2023-04-15 18:23:52 - [35mhttp[39m: [35mPOST /api/teste 200 2 - 1.925 ms[39m
[35m[39m
2023-04-15 18:23:53 - [35mhttp[39m: [35mPOST /api/teste 200 2 - 0.737 ms[39m
[35m[39m
2023-04-15 18:24:08 - [35mhttp[39m: [35mPOST /api/teste 200 51 - 0.869 ms[39m
[35m[39m
2023-04-15 18:30:46 - [32minfo[39m: [32mServer running on port 3000[39m
2023-04-15 18:48:08 - [32minfo[39m: [32mServer running on port 3000[39m
2023-04-15 18:48:31 - [35mhttp[39m: [35mGET /api/health-check 200 25 - 1.612 ms[39m
[35m[39m
2023-04-15 18:48:50 - [35mhttp[39m: [35mPOST /api/search 201 1437 - 3513.324 ms[39m
[35m[39m
2023-04-15 18:49:20 - [32minfo[39m: [32mServer running on port 3000[39m
